#
# There is insufficient memory for the Java Runtime Environment to continue.
# Native memory allocation (mmap) failed to map 532676608 bytes for G1 virtual space
# Possible reasons:
#   The system is out of physical RAM or swap space
#   The process is running with CompressedOops enabled, and the Java Heap may be blocking the growth of the native heap
# Possible solutions:
#   Reduce memory load on the system
#   Increase physical memory or swap space
#   Check if swap backing store is full
#   Decrease Java heap size (-Xmx/-Xms)
#   Decrease number of Java threads
#   Decrease Java thread stack sizes (-Xss)
#   Set larger code cache with -XX:ReservedCodeCacheSize=
#   JVM is running with Zero Based Compressed Oops mode in which the Java heap is
#     placed in the first 32GB address space. The Java Heap base address is the
#     maximum limit for the native heap growth. Please use -XX:HeapBaseMinAddress
#     to set the Java Heap base and to place the Java Heap above 32GB virtual address.
# This output file may be truncated or incomplete.
#
#  Out of Memory Error (os_windows.cpp:3548), pid=203168, tid=202904
#
# JRE version:  (17.0.11+7) (build )
# Java VM: Java HotSpot(TM) 64-Bit Server VM (17.0.11+7-LTS-207, mixed mode, sharing, tiered, compressed oops, compressed class ptrs, g1 gc, windows-amd64)
# No core dump will be written. Minidumps are not enabled by default on client versions of Windows
#

---------------  S U M M A R Y ------------

Command Line: -javaagent:C:\Program Files\JetBrains\IntelliJ IDEA Community Edition 2024.3.4.1\lib\idea_rt.jar=64088 -Dfile.encoding=UTF-8 com.example.demo.DemoApplication

Host: 11th Gen Intel(R) Core(TM) i7-1185G7 @ 3.00GHz, 8 cores, 31G,  Windows 11 , 64 bit Build 26100 (10.0.26100.3323)
Time: Wed Apr  2 15:38:28 2025 India Standard Time elapsed time: 1.412450 seconds (0d 0h 0m 1s)

---------------  T H R E A D  ---------------

Current thread (0x0000021c05f70830):  JavaThread "Unknown thread" [_thread_in_vm, id=202904, stack(0x000000cb5a000000,0x000000cb5a100000)]

Stack: [0x000000cb5a000000,0x000000cb5a100000]
Native frames: (J=compiled Java code, j=interpreted, Vv=VM code, C=native code)
V  [jvm.dll+0x679cca]
V  [jvm.dll+0x7da13d]
V  [jvm.dll+0x7dba83]
V  [jvm.dll+0x7dc0f3]
V  [jvm.dll+0x2449af]
V  [jvm.dll+0x676ce9]
V  [jvm.dll+0x66b852]
V  [jvm.dll+0x3018d6]
V  [jvm.dll+0x308e76]
V  [jvm.dll+0x3596ee]
V  [jvm.dll+0x35991f]
V  [jvm.dll+0x2d89a8]
V  [jvm.dll+0x2d9914]
V  [jvm.dll+0x7ac6b1]
V  [jvm.dll+0x366f61]
V  [jvm.dll+0x78b609]
V  [jvm.dll+0x3ec22f]
V  [jvm.dll+0x3ede61]
C  [jli.dll+0x5297]
C  [ucrtbase.dll+0x37b0]
C  [KERNEL32.DLL+0x2e8d7]
C  [ntdll.dll+0xbbf6c]


---------------  P R O C E S S  ---------------

Threads class SMR info:
_java_thread_list=0x00007ffa94dd7a18, length=0, elements={
}

Java Threads: ( => current thread )

Other Threads:
  0x0000021c0601e830 GCTaskThread "GC Thread#0" [stack: 0x000000cb5a100000,0x000000cb5a200000] [id=203452]
  0x0000021c06030220 ConcurrentGCThread "G1 Main Marker" [stack: 0x000000cb5a200000,0x000000cb5a300000] [id=3944]
  0x0000021c06031ae0 ConcurrentGCThread "G1 Conc#0" [stack: 0x000000cb5a300000,0x000000cb5a400000] [id=194168]

[error occurred during error reporting (printing all threads), id 0xc0000005, EXCEPTION_ACCESS_VIOLATION (0xc0000005) at pc=0x00007ffa94609497]

VM state: not at safepoint (not fully initialized)

VM Mutex/Monitor currently owned by a thread:  ([mutex/lock_event])
[0x0000021c05f6c550] Heap_lock - owner thread: 0x0000021c05f70830

Heap address: 0x0000000604400000, size: 8124 MB, Compressed Oops mode: Zero based, Oop shift amount: 3

CDS archive(s) mapped at: [0x0000000000000000-0x0000000000000000-0x0000000000000000), size 0, SharedBaseAddress: 0x0000000800000000, ArchiveRelocationMode: 1.
Narrow klass base: 0x0000000000000000, Narrow klass shift: 0, Narrow klass range: 0x0

GC Precious Log:
<Empty>

Heap:
 garbage-first heap   total 0K, used 0K [0x0000000604400000, 0x0000000800000000)
  region size 4096K, 0 young (0K), 0 survivors (0K)

[error occurred during error reporting (printing heap information), id 0xc0000005, EXCEPTION_ACCESS_VIOLATION (0xc0000005) at pc=0x00007ffa949f3559]

GC Heap History (0 events):
No events

Deoptimization events (0 events):
No events

Classes unloaded (0 events):
No events

Classes redefined (0 events):
No events

Internal exceptions (0 events):
No events

VM Operations (0 events):
No events

Events (1 events):
Event: 0.017 Loaded shared library C:\Program Files\Java\jdk-17\bin\java.dll


Dynamic libraries:
0x00007ff77ee90000 - 0x00007ff77eea0000 	C:\Program Files\Java\jdk-17\bin\java.exe
0x00007ffb0e880000 - 0x00007ffb0eae3000 	C:\WINDOWS\SYSTEM32\ntdll.dll
0x00007ffb0ce90000 - 0x00007ffb0cf57000 	C:\WINDOWS\System32\KERNEL32.DLL
0x00007ffb0bd40000 - 0x00007ffb0c109000 	C:\WINDOWS\System32\KERNELBASE.dll
0x00007ffb0c340000 - 0x00007ffb0c48c000 	C:\WINDOWS\System32\ucrtbase.dll
0x00007ffb021c0000 - 0x00007ffb021db000 	C:\Program Files\Java\jdk-17\bin\VCRUNTIME140.dll
0x00007ffb01f00000 - 0x00007ffb01f19000 	C:\Program Files\Java\jdk-17\bin\jli.dll
0x00007ffb0e1b0000 - 0x00007ffb0e262000 	C:\WINDOWS\System32\ADVAPI32.dll
0x00007ffb0e050000 - 0x00007ffb0e0f9000 	C:\WINDOWS\System32\msvcrt.dll
0x00007ffb0e100000 - 0x00007ffb0e1a6000 	C:\WINDOWS\System32\sechost.dll
0x00007ffb0cae0000 - 0x00007ffb0cbf6000 	C:\WINDOWS\System32\RPCRT4.dll
0x00007ffb0c740000 - 0x00007ffb0c90a000 	C:\WINDOWS\System32\USER32.dll
0x00007ffaf0170000 - 0x00007ffaf0400000 	C:\WINDOWS\WinSxS\amd64_microsoft.windows.common-controls_6595b64144ccf1df_6.0.26100.3323_none_3e088096e3344490\COMCTL32.dll
0x00007ffb0c310000 - 0x00007ffb0c337000 	C:\WINDOWS\System32\win32u.dll
0x00007ffb0e400000 - 0x00007ffb0e42a000 	C:\WINDOWS\System32\GDI32.dll
0x00007ffb0c1d0000 - 0x00007ffb0c301000 	C:\WINDOWS\System32\gdi32full.dll
0x00007ffb0ba80000 - 0x00007ffb0bb23000 	C:\WINDOWS\System32\msvcp_win.dll
0x00007ffb03e80000 - 0x00007ffb03e8b000 	C:\WINDOWS\SYSTEM32\VERSION.dll
0x00007ffb0ce50000 - 0x00007ffb0ce7f000 	C:\WINDOWS\System32\IMM32.DLL
0x00007ffb03e90000 - 0x00007ffb03e9c000 	C:\Program Files\Java\jdk-17\bin\vcruntime140_1.dll
0x00007ffae6300000 - 0x00007ffae638e000 	C:\Program Files\Java\jdk-17\bin\msvcp140.dll
0x00007ffa94320000 - 0x00007ffa94f00000 	C:\Program Files\Java\jdk-17\bin\server\jvm.dll
0x00007ffb0c730000 - 0x00007ffb0c738000 	C:\WINDOWS\System32\PSAPI.DLL
0x00007ffb023a0000 - 0x00007ffb023d6000 	C:\WINDOWS\SYSTEM32\WINMM.dll
0x00007ffae1400000 - 0x00007ffae140a000 	C:\WINDOWS\SYSTEM32\WSOCK32.dll
0x00007ffb0cfe0000 - 0x00007ffb0d054000 	C:\WINDOWS\System32\WS2_32.dll
0x00007ffb0a860000 - 0x00007ffb0a87a000 	C:\WINDOWS\SYSTEM32\kernel.appcore.dll
0x00007ffb021b0000 - 0x00007ffb021ba000 	C:\Program Files\Java\jdk-17\bin\jimage.dll
0x00007ffb08820000 - 0x00007ffb08a61000 	C:\WINDOWS\SYSTEM32\DBGHELP.DLL
0x00007ffb0e4b0000 - 0x00007ffb0e832000 	C:\WINDOWS\System32\combase.dll
0x00007ffb0e2e0000 - 0x00007ffb0e3b6000 	C:\WINDOWS\System32\OLEAUT32.dll
0x00007ffaa0e20000 - 0x00007ffaa0e59000 	C:\WINDOWS\SYSTEM32\dbgcore.DLL
0x00007ffb0c490000 - 0x00007ffb0c529000 	C:\WINDOWS\System32\bcryptPrimitives.dll
0x00007ffb01ec0000 - 0x00007ffb01ece000 	C:\Program Files\Java\jdk-17\bin\instrument.dll
0x00007ffaf17c0000 - 0x00007ffaf17e5000 	C:\Program Files\Java\jdk-17\bin\java.dll

dbghelp: loaded successfully - version: 4.0.5 - missing functions: none
symbol engine: initialized successfully - sym options: 0x614 - pdb path: .;C:\Program Files\Java\jdk-17\bin;C:\WINDOWS\SYSTEM32;C:\WINDOWS\WinSxS\amd64_microsoft.windows.common-controls_6595b64144ccf1df_6.0.26100.3323_none_3e088096e3344490;C:\Program Files\Java\jdk-17\bin\server

VM Arguments:
jvm_args: -javaagent:C:\Program Files\JetBrains\IntelliJ IDEA Community Edition 2024.3.4.1\lib\idea_rt.jar=64088 -Dfile.encoding=UTF-8 
java_command: com.example.demo.DemoApplication
java_class_path (initial): D:\demo\demo\target\classes;C:\Users\himan\.m2\repository\org\springframework\boot\spring-boot-starter-web\2.7.0\spring-boot-starter-web-2.7.0.jar;C:\Users\himan\.m2\repository\org\springframework\boot\spring-boot-starter\2.7.0\spring-boot-starter-2.7.0.jar;C:\Users\himan\.m2\repository\org\springframework\boot\spring-boot\2.7.0\spring-boot-2.7.0.jar;C:\Users\himan\.m2\repository\org\springframework\boot\spring-boot-autoconfigure\2.7.0\spring-boot-autoconfigure-2.7.0.jar;C:\Users\himan\.m2\repository\org\springframework\boot\spring-boot-starter-logging\2.7.0\spring-boot-starter-logging-2.7.0.jar;C:\Users\himan\.m2\repository\ch\qos\logback\logback-classic\1.2.11\logback-classic-1.2.11.jar;C:\Users\himan\.m2\repository\ch\qos\logback\logback-core\1.2.11\logback-core-1.2.11.jar;C:\Users\himan\.m2\repository\org\apache\logging\log4j\log4j-to-slf4j\2.17.2\log4j-to-slf4j-2.17.2.jar;C:\Users\himan\.m2\repository\org\apache\logging\log4j\log4j-api\2.17.2\log4j-api-2.17.2.jar;C:\Users\himan\.m2\repository\org\slf4j\jul-to-slf4j\1.7.36\jul-to-slf4j-1.7.36.jar;C:\Users\himan\.m2\repository\jakarta\annotation\jakarta.annotation-api\1.3.5\jakarta.annotation-api-1.3.5.jar;C:\Users\himan\.m2\repository\org\yaml\snakeyaml\1.30\snakeyaml-1.30.jar;C:\Users\himan\.m2\repository\org\springframework\boot\spring-boot-starter-json\2.7.0\spring-boot-starter-json-2.7.0.jar;C:\Users\himan\.m2\repository\com\fasterxml\jackson\core\jackson-databind\2.13.3\jackson-databind-2.13.3.jar;C:\Users\himan\.m2\repository\com\fasterxml\jackson\core\jackson-annotations\2.13.3\jackson-annotations-2.13.3.jar;C:\Users\himan\.m2\repository\com\fasterxml\jackson\core\jackson-core\2.13.3\jackson-core-2.13.3.jar;C:\Users\himan\.m2\repository\com\fasterxml\jackson\datatype\jackson-datatype-jdk8\2.13.3\jackson-datatype-jdk8-2.13.3.jar;C:\Users\himan\.m2\repository\com\fasterxml\jackson\datatype\jackson-datatype-jsr310\2.13.3\jackson-datatype-jsr310-2.13.3.jar;C:\Users\himan\.m2\repos
Launcher Type: SUN_STANDARD

[Global flags]
     intx CICompilerCount                          = 4                                         {product} {ergonomic}
     uint ConcGCThreads                            = 2                                         {product} {ergonomic}
     uint G1ConcRefinementThreads                  = 8                                         {product} {ergonomic}
   size_t G1HeapRegionSize                         = 4194304                                   {product} {ergonomic}
    uintx GCDrainStackTargetSize                   = 64                                        {product} {ergonomic}
   size_t InitialHeapSize                          = 532676608                                 {product} {ergonomic}
   size_t MarkStackSize                            = 4194304                                   {product} {ergonomic}
   size_t MaxHeapSize                              = 8518631424                                {product} {ergonomic}
   size_t MinHeapDeltaBytes                        = 4194304                                   {product} {ergonomic}
   size_t MinHeapSize                              = 8388608                                   {product} {ergonomic}
    uintx NonNMethodCodeHeapSize                   = 5839372                                {pd product} {ergonomic}
    uintx NonProfiledCodeHeapSize                  = 122909434                              {pd product} {ergonomic}
    uintx ProfiledCodeHeapSize                     = 122909434                              {pd product} {ergonomic}
    uintx ReservedCodeCacheSize                    = 251658240                              {pd product} {ergonomic}
     bool SegmentedCodeCache                       = true                                      {product} {ergonomic}
   size_t SoftMaxHeapSize                          = 8518631424                             {manageable} {ergonomic}
     bool UseCompressedClassPointers               = true                           {product lp64_product} {ergonomic}
     bool UseCompressedOops                        = true                           {product lp64_product} {ergonomic}
     bool UseG1GC                                  = true                                      {product} {ergonomic}
     bool UseLargePagesIndividualAllocation        = false                                  {pd product} {ergonomic}

Logging:
Log output configuration:
 #0: stdout all=warning uptime,level,tags
 #1: stderr all=off uptime,level,tags

Environment Variables:
PATH=C:\Program Files\Common Files\Oracle\Java\javapath;C:\WINDOWS\system32;C:\WINDOWS;C:\WINDOWS\System32\Wbem;C:\WINDOWS\System32\WindowsPowerShell\v1.0\;C:\WINDOWS\System32\OpenSSH\;C:\Program Files\nodejs\;C:\Program Files\Git\cmd;C:\Users\himan\AppData\Local\Microsoft\WindowsApps;C:\Users\himan\AppData\Local\Programs\Microsoft VS Code\bin;C:\Users\himan\AppData\Roaming\npm;
USERNAME=himan
OS=Windows_NT
PROCESSOR_IDENTIFIER=Intel64 Family 6 Model 140 Stepping 1, GenuineIntel



---------------  S Y S T E M  ---------------

OS:
 Windows 11 , 64 bit Build 26100 (10.0.26100.3323)
OS uptime: 0 days 4:44 hours
Hyper-V role detected

CPU: total 8 (initial active 8) (4 cores per cpu, 2 threads per core) family 6 model 140 stepping 1 microcode 0xba, cx8, cmov, fxsr, ht, mmx, 3dnowpref, sse, sse2, sse3, ssse3, sse4.1, sse4.2, popcnt, lzcnt, tsc, tscinvbit, avx, avx2, aes, erms, clmul, bmi1, bmi2, adx, avx512f, avx512dq, avx512cd, avx512bw, avx512vl, sha, fma, vzeroupper, avx512_vpopcntdq, avx512_vpclmulqdq, avx512_vaes, avx512_vnni, clflush, clflushopt, clwb, avx512_vbmi2, avx512_vbmi, hv

Memory: 4k page, system-wide physical 32494M (1258M free)
TotalPageFile size 67793M (AvailPageFile size 240M)
current process WorkingSet (physical memory assigned to process): 12M, peak: 12M
current process commit charge ("private bytes"): 60M, peak: 568M

vm_info: Java HotSpot(TM) 64-Bit Server VM (17.0.11+7-LTS-207) for windows-amd64 JRE (17.0.11+7-LTS-207), built on Mar 11 2024 19:01:50 by "mach5one" with MS VC++ 17.6 (VS2022)

END.
